<?xml version="1.0" encoding="UTF-8"?>
<testng-results ignored="0" total="3" passed="3" failed="0" skipped="0">
  <reporter-output>
  </reporter-output>
  <suite started-at="2024-06-22T17:24:27 IST" name="Default suite" finished-at="2024-06-22T17:24:31 IST" duration-ms="4051">
    <groups>
    </groups>
    <test started-at="2024-06-22T17:24:27 IST" name="Default test" finished-at="2024-06-22T17:24:31 IST" duration-ms="4051">
      <class name="Tests.putPatchDeleteExample">
        <test-method signature="testDelete()[pri:0, instance:Tests.putPatchDeleteExample@66f57048]" started-at="2024-06-22T17:24:27 IST" name="testDelete" finished-at="2024-06-22T17:24:30 IST" duration-ms="2660" status="PASS">
          <reporter-output>
          </reporter-output>
        </test-method> <!-- testDelete -->
        <test-method signature="testPatch()[pri:0, instance:Tests.putPatchDeleteExample@66f57048]" started-at="2024-06-22T17:24:30 IST" name="testPatch" finished-at="2024-06-22T17:24:31 IST" duration-ms="744" status="PASS">
          <reporter-output>
          </reporter-output>
        </test-method> <!-- testPatch -->
        <test-method signature="testPut()[pri:0, instance:Tests.putPatchDeleteExample@66f57048]" started-at="2024-06-22T17:24:31 IST" name="testPut" finished-at="2024-06-22T17:24:31 IST" duration-ms="579" status="PASS">
          <reporter-output>
          </reporter-output>
        </test-method> <!-- testPut -->
      </class> <!-- Tests.putPatchDeleteExample -->
    </test> <!-- Default test -->
  </suite> <!-- Default suite -->
</testng-results>
