<?xml version="1.0" encoding="UTF-8"?>
<!-- Generated by org.testng.reporters.JUnitXMLReporter -->
<testsuite ignored="0" hostname="INBOOK_X1_SLIM" failures="0" tests="3" name="Default test" time="4.051" errors="0" timestamp="2024-06-22T17:24:31 IST">
  <testcase classname="Tests.putPatchDeleteExample" name="testDelete" time="2.66"/>
  <testcase classname="Tests.putPatchDeleteExample" name="testPatch" time="0.744"/>
  <testcase classname="Tests.putPatchDeleteExample" name="testPut" time="0.579"/>
</testsuite> <!-- Default test -->
